# JRE version: OpenJDK Runtime Environment Microsoft-10376486 (17.0.13+11) (build 17.0.13+11-LTS)
# Java VM: OpenJDK 64-Bit Server VM Microsoft-10376486 (17.0.13+11-LTS, mixed mode, sharing, tiered, compressed oops, compressed class ptrs, g1 gc, windows-amd64)
GC Precious Log:
 CPUs: 8 total, 8 available
 Memory: 7998M
 Large Page Support: Disabled
 NUMA Support: Disabled
 Compressed Oops: Enabled (32-bit)
 Heap Region Size: 1M
 Heap Min Capacity: 8M
 Heap Initial Capacity: 126M
 Heap Max Capacity: 2G
 Pre-touch: Disabled
 Parallel Workers: 8
 Concurrent Workers: 2
 Concurrent Refinement Workers: 8
 Periodic GC: Disabled
Heap:
 garbage-first heap   total 141312K, used 80497K [0x0000000080000000, 0x0000000100000000)
  region size 1024K, 2 young (2048K), 2 survivors (2048K)
 Metaspace       used 77735K, committed 78528K, reserved 557056K
  class space    used 10874K, committed 11264K, reserved 425984K
GC Heap History (20 events):
Event: 12.163 GC heap after
{Heap after GC invocations=21 (full 0):
 garbage-first heap   total 110592K, used 64168K [0x0000000080000000, 0x0000000100000000)
  region size 1024K, 5 young (5120K), 5 survivors (5120K)
 Metaspace       used 66540K, committed 67136K, reserved 491520K
  class space    used 9339K, committed 9600K, reserved 425984K
}
Event: 12.450 GC heap before
{Heap before GC invocations=21 (full 0):
 garbage-first heap   total 110592K, used 91816K [0x0000000080000000, 0x0000000100000000)
  region size 1024K, 32 young (32768K), 5 survivors (5120K)
 Metaspace       used 68248K, committed 68864K, reserved 491520K
  class space    used 9561K, committed 9856K, reserved 425984K
}
Event: 12.455 GC heap after
{Heap after GC invocations=22 (full 0):
 garbage-first heap   total 110592K, used 65262K [0x0000000080000000, 0x0000000100000000)
  region size 1024K, 1 young (1024K), 1 survivors (1024K)
 Metaspace       used 68248K, committed 68864K, reserved 491520K
  class space    used 9561K, committed 9856K, reserved 425984K
}
Event: 12.831 GC heap before
{Heap before GC invocations=23 (full 0):
 garbage-first heap   total 117760K, used 92910K [0x0000000080000000, 0x0000000100000000)
  region size 1024K, 28 young (28672K), 1 survivors (1024K)
 Metaspace       used 69434K, committed 70080K, reserved 491520K
  class space    used 9732K, committed 10048K, reserved 425984K
}
Event: 12.834 GC heap after
{Heap after GC invocations=24 (full 0):
 garbage-first heap   total 117760K, used 66509K [0x0000000080000000, 0x0000000100000000)
  region size 1024K, 3 young (3072K), 3 survivors (3072K)
 Metaspace       used 69434K, committed 70080K, reserved 491520K
  class space    used 9732K, committed 10048K, reserved 425984K
}
Event: 12.860 GC heap before
{Heap before GC invocations=24 (full 0):
 garbage-first heap   total 117760K, used 68557K [0x0000000080000000, 0x0000000100000000)
  region size 1024K, 5 young (5120K), 3 survivors (3072K)
 Metaspace       used 69605K, committed 70208K, reserved 491520K
  class space    used 9757K, committed 10048K, reserved 425984K
}
Event: 12.863 GC heap after
{Heap after GC invocations=25 (full 0):
 garbage-first heap   total 141312K, used 66772K [0x0000000080000000, 0x0000000100000000)
  region size 1024K, 1 young (1024K), 1 survivors (1024K)
 Metaspace       used 69605K, committed 70208K, reserved 491520K
  class space    used 9757K, committed 10048K, reserved 425984K
}
Event: 13.733 GC heap before
{Heap before GC invocations=25 (full 0):
 garbage-first heap   total 141312K, used 111828K [0x0000000080000000, 0x0000000100000000)
  region size 1024K, 46 young (47104K), 1 survivors (1024K)
 Metaspace       used 72339K, committed 73024K, reserved 491520K
  class space    used 10123K, committed 10432K, reserved 425984K
}
Event: 13.739 GC heap after
{Heap after GC invocations=26 (full 0):
 garbage-first heap   total 141312K, used 69516K [0x0000000080000000, 0x0000000100000000)
  region size 1024K, 4 young (4096K), 4 survivors (4096K)
 Metaspace       used 72339K, committed 73024K, reserved 491520K
  class space    used 10123K, committed 10432K, reserved 425984K
}
Event: 14.556 GC heap before
{Heap before GC invocations=27 (full 0):
 garbage-first heap   total 141312K, used 113548K [0x0000000080000000, 0x0000000100000000)
  region size 1024K, 48 young (49152K), 4 survivors (4096K)
 Metaspace       used 75555K, committed 76352K, reserved 557056K
  class space    used 10666K, committed 11072K, reserved 425984K
}
Event: 14.566 GC heap after
{Heap after GC invocations=28 (full 0):
 garbage-first heap   total 141312K, used 73236K [0x0000000080000000, 0x0000000100000000)
  region size 1024K, 6 young (6144K), 6 survivors (6144K)
 Metaspace       used 75555K, committed 76352K, reserved 557056K
  class space    used 10666K, committed 11072K, reserved 425984K
}
Event: 14.581 GC heap before
{Heap before GC invocations=28 (full 0):
 garbage-first heap   total 141312K, used 74260K [0x0000000080000000, 0x0000000100000000)
  region size 1024K, 7 young (7168K), 6 survivors (6144K)
 Metaspace       used 75567K, committed 76416K, reserved 557056K
  class space    used 10666K, committed 11072K, reserved 425984K
}
Event: 14.590 GC heap after
{Heap after GC invocations=29 (full 0):
 garbage-first heap   total 141312K, used 73781K [0x0000000080000000, 0x0000000100000000)
  region size 1024K, 1 young (1024K), 1 survivors (1024K)
 Metaspace       used 75567K, committed 76416K, reserved 557056K
  class space    used 10666K, committed 11072K, reserved 425984K
}
Event: 15.489 GC heap before
{Heap before GC invocations=29 (full 0):
 garbage-first heap   total 141312K, used 114741K [0x0000000080000000, 0x0000000100000000)
  region size 1024K, 42 young (43008K), 1 survivors (1024K)
 Metaspace       used 77176K, committed 78016K, reserved 557056K
  class space    used 10863K, committed 11264K, reserved 425984K
}
Event: 15.496 GC heap after
{Heap after GC invocations=30 (full 0):
 garbage-first heap   total 141312K, used 77096K [0x0000000080000000, 0x0000000100000000)
  region size 1024K, 5 young (5120K), 5 survivors (5120K)
 Metaspace       used 77176K, committed 78016K, reserved 557056K
  class space    used 10863K, committed 11264K, reserved 425984K
}
Event: 16.253 GC heap before
{Heap before GC invocations=31 (full 0):
 garbage-first heap   total 141312K, used 114984K [0x0000000080000000, 0x0000000100000000)
  region size 1024K, 43 young (44032K), 5 survivors (5120K)
 Metaspace       used 77699K, committed 78528K, reserved 557056K
  class space    used 10874K, committed 11264K, reserved 425984K
}
Event: 16.260 GC heap after
{Heap after GC invocations=32 (full 0):
 garbage-first heap   total 141312K, used 79495K [0x0000000080000000, 0x0000000100000000)
  region size 1024K, 3 young (3072K), 3 survivors (3072K)
 Metaspace       used 77699K, committed 78528K, reserved 557056K
  class space    used 10874K, committed 11264K, reserved 425984K
}
Event: 16.286 GC heap before
{Heap before GC invocations=32 (full 0):
 garbage-first heap   total 141312K, used 81543K [0x0000000080000000, 0x0000000100000000)
  region size 1024K, 6 young (6144K), 3 survivors (3072K)
 Metaspace       used 77712K, committed 78528K, reserved 557056K
  class space    used 10874K, committed 11264K, reserved 425984K
}
Event: 16.292 GC heap after
{Heap after GC invocations=33 (full 0):
 garbage-first heap   total 141312K, used 79664K [0x0000000080000000, 0x0000000100000000)
  region size 1024K, 1 young (1024K), 1 survivors (1024K)
 Metaspace       used 77712K, committed 78528K, reserved 557056K
  class space    used 10874K, committed 11264K, reserved 425984K
}
Event: 16.591 GC heap before
{Heap before GC invocations=33 (full 0):
 garbage-first heap   total 141312K, used 115504K [0x0000000080000000, 0x0000000100000000)
  region size 1024K, 37 young (37888K), 1 survivors (1024K)
 Metaspace       used 77735K, committed 78528K, reserved 557056K
  class space    used 10874K, committed 11264K, reserved 425984K
}

